[10:39:48] [CONFIG] [orxConfig.c:orxConfig_Load(4613)] [steakdechameau.ini]: Can't load file: invalid / file not found
[10:40:20] [CONFIG] [orxConfig.c:orxConfig_Load(4613)] [steakdechameau.ini]: Can't load file: invalid / file not found
[10:43:24] [CONFIG] [orxConfig.c:orxConfig_Load(4613)] [steakdechameau.ini]: Can't load file: invalid / file not found
[11:07:23] [CONFIG] [orxConfig.c:orxConfig_ProcessBuffer(2859)] [steakdechameau.ini]: Begin include @mini64.ini@
[11:07:23] [CONFIG] [orxConfig.c:orxConfig_Load(4613)] [mini64.ini]: Can't load file: invalid / file not found
[11:07:23] [CONFIG] [orxConfig.c:orxConfig_ProcessBuffer(2865)] [steakdechameau.ini]: End include @mini64.ini@
[11:10:40] [CONFIG] [orxConfig.c:orxConfig_ProcessBuffer(2859)] [steakdechameau.ini]: Begin include @mini64.ini@
[11:10:40] [CONFIG] [orxConfig.c:orxConfig_Load(4613)] [mini64.ini]: Can't load file: invalid / file not found
[11:10:40] [CONFIG] [orxConfig.c:orxConfig_ProcessBuffer(2865)] [steakdechameau.ini]: End include @mini64.ini@
[11:36:53] [CONFIG] [orxConfig.c:orxConfig_ProcessBuffer(2859)] [steakdechameau.ini]: Begin include @chamo.ini@
[11:36:53] [CONFIG] [orxConfig.c:orxConfig_ProcessBuffer(2865)] [steakdechameau.ini]: End include @chamo.ini@
[11:36:53] [CONFIG] [orxConfig.c:orxConfig_ProcessBuffer(2859)] [steakdechameau.ini]: Begin include @mini64.ini@
[11:36:53] [CONFIG] [orxConfig.c:orxConfig_Load(4613)] [mini64.ini]: Can't load file: invalid / file not found
[11:36:53] [CONFIG] [orxConfig.c:orxConfig_ProcessBuffer(2865)] [steakdechameau.ini]: End include @mini64.ini@
[11:37:11] [CONFIG] [orxConfig.c:orxConfig_ProcessBuffer(2859)] [steakdechameau.ini]: Begin include @chamo.ini@
[11:37:11] [CONFIG] [orxConfig.c:orxConfig_ProcessBuffer(2865)] [steakdechameau.ini]: End include @chamo.ini@
[11:39:39] [CONFIG] [orxConfig.c:orxConfig_ProcessBuffer(2859)] [steakdechameau.ini]: Begin include @chamo.ini@
[11:39:39] [CONFIG] [orxConfig.c:orxConfig_ProcessBuffer(2865)] [steakdechameau.ini]: End include @chamo.ini@
[11:41:24] [CONFIG] [orxConfig.c:orxConfig_ProcessBuffer(2859)] [steakdechameau.ini]: Begin include @chamo.ini@
[11:41:24] [CONFIG] [orxConfig.c:orxConfig_ProcessBuffer(2865)] [steakdechameau.ini]: End include @chamo.ini@
[11:42:37] [CONFIG] [orxConfig.c:orxConfig_ProcessBuffer(2859)] [steakdechameau.ini]: Begin include @chamo.ini@
[11:42:37] [CONFIG] [orxConfig.c:orxConfig_ProcessBuffer(2865)] [steakdechameau.ini]: End include @chamo.ini@
[11:43:29] [CONFIG] [orxConfig.c:orxConfig_ProcessBuffer(2859)] [steakdechameau.ini]: Begin include @chamo.ini@
[11:43:29] [CONFIG] [orxConfig.c:orxConfig_ProcessBuffer(2865)] [steakdechameau.ini]: End include @chamo.ini@
[11:43:47] [CONFIG] [orxConfig.c:orxConfig_ProcessBuffer(2859)] [steakdechameau.ini]: Begin include @chamo.ini@
[11:43:47] [CONFIG] [orxConfig.c:orxConfig_ProcessBuffer(2865)] [steakdechameau.ini]: End include @chamo.ini@
[11:45:04] [CONFIG] [orxConfig.c:orxConfig_ProcessBuffer(2859)] [steakdechameau.ini]: Begin include @chamo.ini@
[11:45:04] [CONFIG] [orxConfig.c:orxConfig_ProcessBuffer(2865)] [steakdechameau.ini]: End include @chamo.ini@
[11:47:23] [CONFIG] [orxConfig.c:orxConfig_ProcessBuffer(2859)] [steakdechameau.ini]: Begin include @chamo.ini@
[11:47:23] [CONFIG] [orxConfig.c:orxConfig_ProcessBuffer(2865)] [steakdechameau.ini]: End include @chamo.ini@
[11:48:34] [CONFIG] [orxConfig.c:orxConfig_ProcessBuffer(2859)] [steakdechameau.ini]: Begin include @chamo.ini@
[11:48:34] [CONFIG] [orxConfig.c:orxConfig_ProcessBuffer(2865)] [steakdechameau.ini]: End include @chamo.ini@
[11:48:34] [OBJECT] [orxObject.c:orxObject_CreateFromConfig(6271)] Failed to find config section named ChamoObject.
[11:48:58] [CONFIG] [orxConfig.c:orxConfig_ProcessBuffer(2859)] [steakdechameau.ini]: Begin include @chamo.ini@
[11:48:58] [CONFIG] [orxConfig.c:orxConfig_ProcessBuffer(2865)] [steakdechameau.ini]: End include @chamo.ini@
[11:48:58] [PHYSICS] [orxPhysics.c:orxPhysics_GetCollisionFlagValue(297)] Adding collision flag <paddle> with value <1>.
[11:49:15] [CONFIG] [orxConfig.c:orxConfig_ProcessBuffer(2859)] [steakdechameau.ini]: Begin include @chamo.ini@
[11:49:15] [CONFIG] [orxConfig.c:orxConfig_ProcessBuffer(2865)] [steakdechameau.ini]: End include @chamo.ini@
[11:49:15] [PHYSICS] [orxPhysics.c:orxPhysics_GetCollisionFlagValue(297)] Adding collision flag <paddle> with value <1>.
[11:49:23] INVALID DEBUG LEVEL[orxCommand.c:orxCommand_Process(1086)] Can't evaluate command line [hackerman]: [hackerman] is not a registered command.
[11:50:35] [CONFIG] [orxConfig.c:orxConfig_ProcessBuffer(2859)] [steakdechameau.ini]: Begin include @chamo.ini@
[11:50:35] [CONFIG] [orxConfig.c:orxConfig_ProcessBuffer(2865)] [steakdechameau.ini]: End include @chamo.ini@
[11:50:35] [PHYSICS] [orxPhysics.c:orxPhysics_GetCollisionFlagValue(297)] Adding collision flag <paddle> with value <1>.
[11:51:57] [CONFIG] [orxConfig.c:orxConfig_ProcessBuffer(2859)] [steakdechameau.ini]: Begin include @chamo.ini@
[11:51:57] [CONFIG] [orxConfig.c:orxConfig_ProcessBuffer(2865)] [steakdechameau.ini]: End include @chamo.ini@
[11:51:57] [PHYSICS] [orxPhysics.c:orxPhysics_GetCollisionFlagValue(297)] Adding collision flag <paddle> with value <1>.
[11:57:25] [CONFIG] [orxConfig.c:orxConfig_ProcessBuffer(2859)] [steakdechameau.ini]: Begin include @chamo.ini@
[11:57:25] [CONFIG] [orxConfig.c:orxConfig_ProcessBuffer(2865)] [steakdechameau.ini]: End include @chamo.ini@
[11:57:26] [PHYSICS] [orxPhysics.c:orxPhysics_GetCollisionFlagValue(297)] Adding collision flag <paddle> with value <1>.
[11:57:46] [CONFIG] [orxConfig.c:orxConfig_ProcessBuffer(2859)] [steakdechameau.ini]: Begin include @chamo.ini@
[11:57:46] [CONFIG] [orxConfig.c:orxConfig_ProcessBuffer(2865)] [steakdechameau.ini]: End include @chamo.ini@
[11:57:47] [PHYSICS] [orxPhysics.c:orxPhysics_GetCollisionFlagValue(297)] Adding collision flag <paddle> with value <1>.
[12:00:53] [CONFIG] [orxConfig.c:orxConfig_ProcessBuffer(2859)] [steakdechameau.ini]: Begin include @chamo.ini@
[12:00:53] [CONFIG] [orxConfig.c:orxConfig_ProcessBuffer(2865)] [steakdechameau.ini]: End include @chamo.ini@
[12:00:53] [PHYSICS] [orxPhysics.c:orxPhysics_GetCollisionFlagValue(297)] Adding collision flag <paddle> with value <1>.
[12:52:50] [CONFIG] [orxConfig.c:orxConfig_ProcessBuffer(2859)] [steakdechameau.ini]: Begin include @chamo.ini@
[12:52:50] [CONFIG] [orxConfig.c:orxConfig_ProcessBuffer(2865)] [steakdechameau.ini]: End include @chamo.ini@
[12:52:51] [PHYSICS] [orxPhysics.c:orxPhysics_GetCollisionFlagValue(297)] Adding collision flag <paddle> with value <1>.
[12:53:44] [CONFIG] [orxConfig.c:orxConfig_ProcessBuffer(2859)] [steakdechameau.ini]: Begin include @chamo.ini@
[12:53:44] [CONFIG] [orxConfig.c:orxConfig_ProcessBuffer(2865)] [steakdechameau.ini]: End include @chamo.ini@
[12:53:45] [PHYSICS] [orxPhysics.c:orxPhysics_GetCollisionFlagValue(297)] Adding collision flag <paddle> with value <1>.
[12:57:21] [CONFIG] [orxConfig.c:orxConfig_ProcessBuffer(2859)] [steakdechameau.ini]: Begin include @chamo.ini@
[12:57:21] [CONFIG] [orxConfig.c:orxConfig_ProcessBuffer(2865)] [steakdechameau.ini]: End include @chamo.ini@
[12:57:22] [PHYSICS] [orxPhysics.c:orxPhysics_GetCollisionFlagValue(297)] Adding collision flag <paddle> with value <1>.
[12:57:33] [CONFIG] [orxConfig.c:orxConfig_ProcessBuffer(2859)] [steakdechameau.ini]: Begin include @chamo.ini@
[12:57:33] [CONFIG] [orxConfig.c:orxConfig_ProcessBuffer(2865)] [steakdechameau.ini]: End include @chamo.ini@
[12:57:33] [DISPLAY] [orxTexture.c:orxTexture_Load(903)] Failed to load bitmap [chamoa.png] and link it to texture.
[12:57:33] [DISPLAY] [orxGraphic.c:orxGraphic_CreateFromConfig(919)] Couldn't get text or texture for graphic <PlayerPaddleGraphic>.
[12:57:33] [OBJECT] [orxObject.c:orxObject_SetColor(10776)] No graphic on object <PaddleObject>, can't set color.
[12:57:33] [PHYSICS] [orxPhysics.c:orxPhysics_GetCollisionFlagValue(297)] Adding collision flag <paddle> with value <1>.
[12:58:29] [CONFIG] [orxConfig.c:orxConfig_ProcessBuffer(2859)] [steakdechameau.ini]: Begin include @chamo.ini@
[12:58:29] [CONFIG] [orxConfig.c:orxConfig_ProcessBuffer(2865)] [steakdechameau.ini]: End include @chamo.ini@
[12:58:29] [PHYSICS] [orxPhysics.c:orxPhysics_GetCollisionFlagValue(297)] Adding collision flag <paddle> with value <1>.
[13:00:13] [CONFIG] [orxConfig.c:orxConfig_ProcessBuffer(2859)] [steakdechameau.ini]: Begin include @chamo.ini@
[13:00:13] [CONFIG] [orxConfig.c:orxConfig_ProcessBuffer(2865)] [steakdechameau.ini]: End include @chamo.ini@
[13:00:14] [PHYSICS] [orxPhysics.c:orxPhysics_GetCollisionFlagValue(297)] Adding collision flag <paddle> with value <1>.
[13:00:25] [CONFIG] [orxConfig.c:orxConfig_ProcessBuffer(2859)] [steakdechameau.ini]: Begin include @chamo.ini@
[13:00:25] [CONFIG] [orxConfig.c:orxConfig_ProcessBuffer(2865)] [steakdechameau.ini]: End include @chamo.ini@
[13:00:26] [PHYSICS] [orxPhysics.c:orxPhysics_GetCollisionFlagValue(297)] Adding collision flag <paddle> with value <1>.
[13:00:50] [CONFIG] [orxConfig.c:orxConfig_ProcessBuffer(2859)] [steakdechameau.ini]: Begin include @chamo.ini@
[13:00:50] [CONFIG] [orxConfig.c:orxConfig_ProcessBuffer(2865)] [steakdechameau.ini]: End include @chamo.ini@
[13:00:50] [PHYSICS] [orxPhysics.c:orxPhysics_GetCollisionFlagValue(297)] Adding collision flag <paddle> with value <1>.
[13:09:45] [CONFIG] [orxConfig.c:orxConfig_ProcessBuffer(2859)] [steakdechameau.ini]: Begin include @chamo.ini@
[13:09:45] [CONFIG] [orxConfig.c:orxConfig_ProcessBuffer(2865)] [steakdechameau.ini]: End include @chamo.ini@
[13:09:46] [PHYSICS] [orxPhysics.c:orxPhysics_GetCollisionFlagValue(297)] Adding collision flag <paddle> with value <1>.
[13:15:53] [CONFIG] [orxConfig.c:orxConfig_ProcessBuffer(2859)] [steakdechameau.ini]: Begin include @chamo.ini@
[13:15:53] [CONFIG] [orxConfig.c:orxConfig_ProcessBuffer(2865)] [steakdechameau.ini]: End include @chamo.ini@
[13:15:53] [OBJECT] [orxObject.c:orxObject_CreateFromConfig(6271)] Failed to find config section named PaddleObject.
[13:16:20] [CONFIG] [orxConfig.c:orxConfig_ProcessBuffer(2859)] [steakdechameau.ini]: Begin include @chamo.ini@
[13:16:20] [CONFIG] [orxConfig.c:orxConfig_ProcessBuffer(2865)] [steakdechameau.ini]: End include @chamo.ini@
[13:16:20] [PHYSICS] [orxBody.c:orxBody_AddPartFromConfig(1167)] Couldn't find config section named <ChamoBodyPart>
[13:16:20] [PHYSICS] [orxBody.c:orxBody_CreateFromConfig(574)] [ChamoBody]: Couldn't add part <ChamoBodyPart> for this body: too many parts or invalid part.
[13:16:27] [CONFIG] [orxConfig.c:orxConfig_ProcessBuffer(2859)] [steakdechameau.ini]: Begin include @chamo.ini@
[13:16:27] [CONFIG] [orxConfig.c:orxConfig_ProcessBuffer(2865)] [steakdechameau.ini]: End include @chamo.ini@
[13:16:27] [PHYSICS] [orxBody.c:orxBody_AddPartFromConfig(1167)] Couldn't find config section named <ChamoBodyPart>
[13:16:27] [PHYSICS] [orxBody.c:orxBody_CreateFromConfig(574)] [ChamoBody]: Couldn't add part <ChamoBodyPart> for this body: too many parts or invalid part.
[13:16:43] [CONFIG] [orxConfig.c:orxConfig_ProcessBuffer(2859)] [steakdechameau.ini]: Begin include @chamo.ini@
[13:16:43] [CONFIG] [orxConfig.c:orxConfig_ProcessBuffer(2865)] [steakdechameau.ini]: End include @chamo.ini@
[13:16:43] [PHYSICS] [orxBody.c:orxBody_AddPartFromConfig(1167)] Couldn't find config section named <ChamoBodyPart>
[13:16:43] [PHYSICS] [orxBody.c:orxBody_CreateFromConfig(574)] [ChamoBody]: Couldn't add part <ChamoBodyPart> for this body: too many parts or invalid part.
[13:17:14] [CONFIG] [orxConfig.c:orxConfig_ProcessBuffer(2859)] [steakdechameau.ini]: Begin include @chamo.ini@
[13:17:14] [CONFIG] [orxConfig.c:orxConfig_ProcessBuffer(2865)] [steakdechameau.ini]: End include @chamo.ini@
[13:17:29] [CONFIG] [orxConfig.c:orxConfig_ProcessBuffer(2859)] [steakdechameau.ini]: Begin include @chamo.ini@
[13:17:29] [CONFIG] [orxConfig.c:orxConfig_ProcessBuffer(2865)] [steakdechameau.ini]: End include @chamo.ini@
[13:20:14] [CONFIG] [orxConfig.c:orxConfig_ProcessBuffer(2859)] [steakdechameau.ini]: Begin include @chamo.ini@
[13:20:14] [CONFIG] [orxConfig.c:orxConfig_ProcessBuffer(2865)] [steakdechameau.ini]: End include @chamo.ini@
[13:20:19] [CONFIG] [orxConfig.c:orxConfig_ProcessBuffer(2859)] [steakdechameau.ini]: Begin include @chamo.ini@
[13:20:19] [CONFIG] [orxConfig.c:orxConfig_ProcessBuffer(2865)] [steakdechameau.ini]: End include @chamo.ini@
[17:23:20] [CONFIG] [orxConfig.c:orxConfig_ProcessBuffer(2859)] [steakdechameau.ini]: Begin include @chamo.ini@
[17:23:20] [CONFIG] [orxConfig.c:orxConfig_ProcessBuffer(2865)] [steakdechameau.ini]: End include @chamo.ini@
